
  .   ____          _            __ _ _
 /\\ / ___'_ __ _ _(_)_ __  __ _ \ \ \ \
( ( )\___ | '_ | '_| | '_ \/ _` | \ \ \ \
 \\/  ___)| |_)| | | | | || (_| |  ) ) ) )
  '  |____| .__|_| |_|_| |_\__, | / / / /
 =========|_|==============|___/=/_/_/_/

 :: Spring Boot ::                (v3.3.4)

2025-08-22T10:12:56.953Z  INFO 17478 --- [           main] c.e.t.TicketBookingBackendApplication    : Starting TicketBookingBackendApplication using Java 21.0.7 with PID 17478 (/workspace/ticket-booking-backend/target/classes started by ubuntu in /workspace/ticket-booking-backend)
2025-08-22T10:12:56.955Z  INFO 17478 --- [           main] c.e.t.TicketBookingBackendApplication    : No active profile set, falling back to 1 default profile: "default"
2025-08-22T10:12:57.287Z  INFO 17478 --- [           main] .s.d.r.c.RepositoryConfigurationDelegate : Bootstrapping Spring Data JPA repositories in DEFAULT mode.
2025-08-22T10:12:57.324Z  INFO 17478 --- [           main] .s.d.r.c.RepositoryConfigurationDelegate : Finished Spring Data repository scanning in 34 ms. Found 12 JPA repository interfaces.
2025-08-22T10:12:57.605Z  INFO 17478 --- [           main] o.s.b.w.embedded.tomcat.TomcatWebServer  : Tomcat initialized with port 8080 (http)
2025-08-22T10:12:57.613Z  INFO 17478 --- [           main] o.apache.catalina.core.StandardService   : Starting service [Tomcat]
2025-08-22T10:12:57.613Z  INFO 17478 --- [           main] o.apache.catalina.core.StandardEngine    : Starting Servlet engine: [Apache Tomcat/10.1.30]
2025-08-22T10:12:57.636Z  INFO 17478 --- [           main] o.a.c.c.C.[Tomcat].[localhost].[/]       : Initializing Spring embedded WebApplicationContext
2025-08-22T10:12:57.637Z  INFO 17478 --- [           main] w.s.c.ServletWebServerApplicationContext : Root WebApplicationContext: initialization completed in 657 ms
2025-08-22T10:12:57.737Z  INFO 17478 --- [           main] o.hibernate.jpa.internal.util.LogHelper  : HHH000204: Processing PersistenceUnitInfo [name: default]
2025-08-22T10:12:57.762Z  INFO 17478 --- [           main] org.hibernate.Version                    : HHH000412: Hibernate ORM core version 6.5.3.Final
2025-08-22T10:12:57.777Z  INFO 17478 --- [           main] o.h.c.internal.RegionFactoryInitiator    : HHH000026: Second-level cache disabled
2025-08-22T10:12:57.921Z  INFO 17478 --- [           main] o.s.o.j.p.SpringPersistenceUnitInfo      : No LoadTimeWeaver setup: ignoring JPA class transformer
2025-08-22T10:12:57.934Z  INFO 17478 --- [           main] com.zaxxer.hikari.HikariDataSource       : HikariPool-1 - Starting...
2025-08-22T10:12:58.025Z  INFO 17478 --- [           main] com.zaxxer.hikari.pool.HikariPool        : HikariPool-1 - Added connection com.mysql.cj.jdbc.ConnectionImpl@6abb7b7d
2025-08-22T10:12:58.026Z  INFO 17478 --- [           main] com.zaxxer.hikari.HikariDataSource       : HikariPool-1 - Start completed.
2025-08-22T10:12:58.639Z  INFO 17478 --- [           main] o.h.e.t.j.p.i.JtaPlatformInitiator       : HHH000489: No JTA platform available (set 'hibernate.transaction.jta.platform' to enable JTA platform integration)
2025-08-22T10:12:58.742Z  INFO 17478 --- [           main] j.LocalContainerEntityManagerFactoryBean : Initialized JPA EntityManagerFactory for persistence unit 'default'
2025-08-22T10:12:58.860Z  INFO 17478 --- [           main] o.s.d.j.r.query.QueryEnhancerFactory     : Hibernate is in classpath; If applicable, HQL parser will be used.
2025-08-22T10:12:59.212Z  INFO 17478 --- [           main] eAuthenticationProviderManagerConfigurer : Global AuthenticationManager configured with AuthenticationProvider bean with name authenticationProvider
2025-08-22T10:12:59.212Z  WARN 17478 --- [           main] r$InitializeUserDetailsManagerConfigurer : Global AuthenticationManager configured with an AuthenticationProvider bean. UserDetailsService beans will not be used for username/password login. Consider removing the AuthenticationProvider bean. Alternatively, consider using the UserDetailsService in a manually instantiated DaoAuthenticationProvider.
2025-08-22T10:12:59.750Z  WARN 17478 --- [           main] ConfigServletWebServerApplicationContext : Exception encountered during context initialization - cancelling refresh attempt: org.springframework.context.ApplicationContextException: Failed to start bean 'webServerStartStop'
2025-08-22T10:12:59.751Z  INFO 17478 --- [           main] j.LocalContainerEntityManagerFactoryBean : Closing JPA EntityManagerFactory for persistence unit 'default'
2025-08-22T10:12:59.752Z  INFO 17478 --- [           main] com.zaxxer.hikari.HikariDataSource       : HikariPool-1 - Shutdown initiated...
2025-08-22T10:12:59.754Z  INFO 17478 --- [           main] com.zaxxer.hikari.HikariDataSource       : HikariPool-1 - Shutdown completed.
2025-08-22T10:12:59.760Z  INFO 17478 --- [           main] .s.b.a.l.ConditionEvaluationReportLogger : 

Error starting ApplicationContext. To display the condition evaluation report re-run your application with 'debug' enabled.
2025-08-22T10:12:59.768Z ERROR 17478 --- [           main] o.s.b.d.LoggingFailureAnalysisReporter   : 

***************************
APPLICATION FAILED TO START
***************************

Description:

Web server failed to start. Port 8080 was already in use.

Action:

Identify and stop the process that's listening on port 8080 or configure this application to listen on another port.

[[1;31mERROR[m] Failed to execute goal [32morg.springframework.boot:spring-boot-maven-plugin:3.3.4:run[m [1m(default-cli)[m on project [36mticket-booking-backend[m: [1;31mProcess terminated with exit code: 1[m -> [1m[Help 1][m
[1;31morg.apache.maven.lifecycle.LifecycleExecutionException[m: [1;31mFailed to execute goal [32morg.springframework.boot:spring-boot-maven-plugin:3.3.4:run[m [1m(default-cli)[m on project [36mticket-booking-backend[m: [1;31mProcess terminated with exit code: 1[m[m
    [1mat[m org.apache.maven.lifecycle.internal.MojoExecutor.doExecute2 ([1mMojoExecutor.java:333[m)
    [1mat[m org.apache.maven.lifecycle.internal.MojoExecutor.doExecute ([1mMojoExecutor.java:316[m)
    [1mat[m org.apache.maven.lifecycle.internal.MojoExecutor.execute ([1mMojoExecutor.java:212[m)
    [1mat[m org.apache.maven.lifecycle.internal.MojoExecutor.execute ([1mMojoExecutor.java:174[m)
    [1mat[m org.apache.maven.lifecycle.internal.MojoExecutor.access$000 ([1mMojoExecutor.java:75[m)
    [1mat[m org.apache.maven.lifecycle.internal.MojoExecutor$1.run ([1mMojoExecutor.java:162[m)
    [1mat[m org.apache.maven.plugin.DefaultMojosExecutionStrategy.execute ([1mDefaultMojosExecutionStrategy.java:39[m)
    [1mat[m org.apache.maven.lifecycle.internal.MojoExecutor.execute ([1mMojoExecutor.java:159[m)
    [1mat[m org.apache.maven.lifecycle.internal.LifecycleModuleBuilder.buildProject ([1mLifecycleModuleBuilder.java:105[m)
    [1mat[m org.apache.maven.lifecycle.internal.LifecycleModuleBuilder.buildProject ([1mLifecycleModuleBuilder.java:73[m)
    [1mat[m org.apache.maven.lifecycle.internal.builder.singlethreaded.SingleThreadedBuilder.build ([1mSingleThreadedBuilder.java:53[m)
    [1mat[m org.apache.maven.lifecycle.internal.LifecycleStarter.execute ([1mLifecycleStarter.java:118[m)
    [1mat[m org.apache.maven.DefaultMaven.doExecute ([1mDefaultMaven.java:261[m)
    [1mat[m org.apache.maven.DefaultMaven.doExecute ([1mDefaultMaven.java:173[m)
    [1mat[m org.apache.maven.DefaultMaven.execute ([1mDefaultMaven.java:101[m)
    [1mat[m org.apache.maven.cli.MavenCli.execute ([1mMavenCli.java:906[m)
    [1mat[m org.apache.maven.cli.MavenCli.doMain ([1mMavenCli.java:283[m)
    [1mat[m org.apache.maven.cli.MavenCli.main ([1mMavenCli.java:206[m)
    [1mat[m jdk.internal.reflect.DirectMethodHandleAccessor.invoke ([1mDirectMethodHandleAccessor.java:103[m)
    [1mat[m java.lang.reflect.Method.invoke ([1mMethod.java:580[m)
    [1mat[m org.codehaus.plexus.classworlds.launcher.Launcher.launchEnhanced ([1mLauncher.java:283[m)
    [1mat[m org.codehaus.plexus.classworlds.launcher.Launcher.launch ([1mLauncher.java:226[m)
    [1mat[m org.codehaus.plexus.classworlds.launcher.Launcher.mainWithExitCode ([1mLauncher.java:407[m)
    [1mat[m org.codehaus.plexus.classworlds.launcher.Launcher.main ([1mLauncher.java:348[m)
[1mCaused by[m: org.apache.maven.plugin.MojoExecutionException: [1;31mProcess terminated with exit code: 1[m
    [1mat[m org.springframework.boot.maven.JavaProcessExecutor.run ([1mJavaProcessExecutor.java:74[m)
    [1mat[m org.springframework.boot.maven.RunMojo.run ([1mRunMojo.java:76[m)
    [1mat[m org.springframework.boot.maven.AbstractRunMojo.run ([1mAbstractRunMojo.java:251[m)
    [1mat[m org.springframework.boot.maven.AbstractRunMojo.execute ([1mAbstractRunMojo.java:214[m)
    [1mat[m org.apache.maven.plugin.DefaultBuildPluginManager.executeMojo ([1mDefaultBuildPluginManager.java:126[m)
    [1mat[m org.apache.maven.lifecycle.internal.MojoExecutor.doExecute2 ([1mMojoExecutor.java:328[m)
    [1mat[m org.apache.maven.lifecycle.internal.MojoExecutor.doExecute ([1mMojoExecutor.java:316[m)
    [1mat[m org.apache.maven.lifecycle.internal.MojoExecutor.execute ([1mMojoExecutor.java:212[m)
    [1mat[m org.apache.maven.lifecycle.internal.MojoExecutor.execute ([1mMojoExecutor.java:174[m)
    [1mat[m org.apache.maven.lifecycle.internal.MojoExecutor.access$000 ([1mMojoExecutor.java:75[m)
    [1mat[m org.apache.maven.lifecycle.internal.MojoExecutor$1.run ([1mMojoExecutor.java:162[m)
    [1mat[m org.apache.maven.plugin.DefaultMojosExecutionStrategy.execute ([1mDefaultMojosExecutionStrategy.java:39[m)
    [1mat[m org.apache.maven.lifecycle.internal.MojoExecutor.execute ([1mMojoExecutor.java:159[m)
    [1mat[m org.apache.maven.lifecycle.internal.LifecycleModuleBuilder.buildProject ([1mLifecycleModuleBuilder.java:105[m)
    [1mat[m org.apache.maven.lifecycle.internal.LifecycleModuleBuilder.buildProject ([1mLifecycleModuleBuilder.java:73[m)
    [1mat[m org.apache.maven.lifecycle.internal.builder.singlethreaded.SingleThreadedBuilder.build ([1mSingleThreadedBuilder.java:53[m)
    [1mat[m org.apache.maven.lifecycle.internal.LifecycleStarter.execute ([1mLifecycleStarter.java:118[m)
    [1mat[m org.apache.maven.DefaultMaven.doExecute ([1mDefaultMaven.java:261[m)
    [1mat[m org.apache.maven.DefaultMaven.doExecute ([1mDefaultMaven.java:173[m)
    [1mat[m org.apache.maven.DefaultMaven.execute ([1mDefaultMaven.java:101[m)
    [1mat[m org.apache.maven.cli.MavenCli.execute ([1mMavenCli.java:906[m)
    [1mat[m org.apache.maven.cli.MavenCli.doMain ([1mMavenCli.java:283[m)
    [1mat[m org.apache.maven.cli.MavenCli.main ([1mMavenCli.java:206[m)
    [1mat[m jdk.internal.reflect.DirectMethodHandleAccessor.invoke ([1mDirectMethodHandleAccessor.java:103[m)
    [1mat[m java.lang.reflect.Method.invoke ([1mMethod.java:580[m)
    [1mat[m org.codehaus.plexus.classworlds.launcher.Launcher.launchEnhanced ([1mLauncher.java:283[m)
    [1mat[m org.codehaus.plexus.classworlds.launcher.Launcher.launch ([1mLauncher.java:226[m)
    [1mat[m org.codehaus.plexus.classworlds.launcher.Launcher.mainWithExitCode ([1mLauncher.java:407[m)
    [1mat[m org.codehaus.plexus.classworlds.launcher.Launcher.main ([1mLauncher.java:348[m)
[[1;31mERROR[m] 
[[1;31mERROR[m] Re-run Maven using the [1m-X[m switch to enable full debug logging.
[[1;31mERROR[m] 
[[1;31mERROR[m] For more information about the errors and possible solutions, please read the following articles:
[[1;31mERROR[m] [1m[Help 1][m http://cwiki.apache.org/confluence/display/MAVEN/MojoExecutionException
