
  .   ____          _            __ _ _
 /\\ / ___'_ __ _ _(_)_ __  __ _ \ \ \ \
( ( )\___ | '_ | '_| | '_ \/ _` | \ \ \ \
 \\/  ___)| |_)| | | | | || (_| |  ) ) ) )
  '  |____| .__|_| |_|_| |_\__, | / / / /
 =========|_|==============|___/=/_/_/_/

 :: Spring Boot ::                (v3.3.4)

2025-08-22T09:57:35.064Z  INFO 7615 --- [           main] c.e.t.TicketBookingBackendApplication    : Starting TicketBookingBackendApplication using Java 21.0.7 with PID 7615 (/workspace/ticket-booking-backend/target/classes started by ubuntu in /workspace/ticket-booking-backend)
2025-08-22T09:57:35.066Z  INFO 7615 --- [           main] c.e.t.TicketBookingBackendApplication    : The following 1 profile is active: "dev"
2025-08-22T09:57:35.420Z  INFO 7615 --- [           main] .s.d.r.c.RepositoryConfigurationDelegate : Bootstrapping Spring Data JPA repositories in DEFAULT mode.
2025-08-22T09:57:35.460Z  INFO 7615 --- [           main] .s.d.r.c.RepositoryConfigurationDelegate : Finished Spring Data repository scanning in 36 ms. Found 12 JPA repository interfaces.
2025-08-22T09:57:35.747Z  INFO 7615 --- [           main] o.s.b.w.embedded.tomcat.TomcatWebServer  : Tomcat initialized with port 8080 (http)
2025-08-22T09:57:35.755Z  INFO 7615 --- [           main] o.apache.catalina.core.StandardService   : Starting service [Tomcat]
2025-08-22T09:57:35.755Z  INFO 7615 --- [           main] o.apache.catalina.core.StandardEngine    : Starting Servlet engine: [Apache Tomcat/10.1.30]
2025-08-22T09:57:35.781Z  INFO 7615 --- [           main] o.a.c.c.C.[Tomcat].[localhost].[/]       : Initializing Spring embedded WebApplicationContext
2025-08-22T09:57:35.782Z  INFO 7615 --- [           main] w.s.c.ServletWebServerApplicationContext : Root WebApplicationContext: initialization completed in 688 ms
2025-08-22T09:57:35.876Z  INFO 7615 --- [           main] o.hibernate.jpa.internal.util.LogHelper  : HHH000204: Processing PersistenceUnitInfo [name: default]
2025-08-22T09:57:35.899Z  INFO 7615 --- [           main] org.hibernate.Version                    : HHH000412: Hibernate ORM core version 6.5.3.Final
2025-08-22T09:57:35.917Z  INFO 7615 --- [           main] o.h.c.internal.RegionFactoryInitiator    : HHH000026: Second-level cache disabled
2025-08-22T09:57:36.065Z  INFO 7615 --- [           main] o.s.o.j.p.SpringPersistenceUnitInfo      : No LoadTimeWeaver setup: ignoring JPA class transformer
2025-08-22T09:57:36.079Z  INFO 7615 --- [           main] com.zaxxer.hikari.HikariDataSource       : HikariPool-1 - Starting...
2025-08-22T09:57:36.172Z  INFO 7615 --- [           main] com.zaxxer.hikari.pool.HikariPool        : HikariPool-1 - Added connection conn0: url=jdbc:h2:mem:devdb user=SA
2025-08-22T09:57:36.173Z  INFO 7615 --- [           main] com.zaxxer.hikari.HikariDataSource       : HikariPool-1 - Start completed.
2025-08-22T09:57:36.185Z  WARN 7615 --- [           main] org.hibernate.orm.deprecation            : HHH90000025: H2Dialect does not need to be specified explicitly using 'hibernate.dialect' (remove the property setting and it will be selected by default)
2025-08-22T09:57:36.778Z  INFO 7615 --- [           main] o.h.e.t.j.p.i.JtaPlatformInitiator       : HHH000489: No JTA platform available (set 'hibernate.transaction.jta.platform' to enable JTA platform integration)
2025-08-22T09:57:36.837Z  INFO 7615 --- [           main] j.LocalContainerEntityManagerFactoryBean : Initialized JPA EntityManagerFactory for persistence unit 'default'
2025-08-22T09:57:36.975Z  INFO 7615 --- [           main] o.s.d.j.r.query.QueryEnhancerFactory     : Hibernate is in classpath; If applicable, HQL parser will be used.
2025-08-22T09:57:37.329Z  INFO 7615 --- [           main] eAuthenticationProviderManagerConfigurer : Global AuthenticationManager configured with AuthenticationProvider bean with name authenticationProvider
2025-08-22T09:57:37.329Z  WARN 7615 --- [           main] r$InitializeUserDetailsManagerConfigurer : Global AuthenticationManager configured with an AuthenticationProvider bean. UserDetailsService beans will not be used for username/password login. Consider removing the AuthenticationProvider bean. Alternatively, consider using the UserDetailsService in a manually instantiated DaoAuthenticationProvider.
2025-08-22T09:57:37.859Z  INFO 7615 --- [           main] o.s.b.w.embedded.tomcat.TomcatWebServer  : Tomcat started on port 8080 (http) with context path '/'
2025-08-22T09:57:37.863Z  INFO 7615 --- [           main] c.e.t.TicketBookingBackendApplication    : Started TicketBookingBackendApplication in 3.001 seconds (process running for 3.181)
2025-08-22T09:57:38.181Z  INFO 7615 --- [           main] c.e.t.service.DataSeederService          : Seeded 11 stations
2025-08-22T09:57:38.181Z  INFO 7615 --- [           main] c.e.t.service.DataSeederService          : Data seeding completed
2025-08-22T09:58:22.139Z  INFO 7615 --- [nio-8080-exec-1] o.a.c.c.C.[Tomcat].[localhost].[/]       : Initializing Spring DispatcherServlet 'dispatcherServlet'
2025-08-22T09:58:22.139Z  INFO 7615 --- [nio-8080-exec-1] o.s.web.servlet.DispatcherServlet        : Initializing Servlet 'dispatcherServlet'
2025-08-22T09:58:22.140Z  INFO 7615 --- [nio-8080-exec-1] o.s.web.servlet.DispatcherServlet        : Completed initialization in 1 ms
